<?xml version="1.0" encoding="UTF-8"?>
<testsuite xmlns:xsi="http://www.w3.org/2001/XMLSchema-instance" xsi:noNamespaceSchemaLocation="https://maven.apache.org/surefire/maven-surefire-plugin/xsd/surefire-test-report.xsd" name="TestSNT" time="0.221" tests="14" errors="0" skipped="0" failures="0">
  <properties>
[...]
</properties>
  <testcase name="TestAllFiles{int, boolean, String}[1]" classname="TestSNT" time="0.077"/>
  <testcase name="TestAllFiles{int, boolean, String}[2]" classname="TestSNT" time="0.001"/>
  <testcase name="TestAllFiles{int, boolean, String}[3]" classname="TestSNT" time="0.001"/>
  <testcase name="TestException" classname="TestSNT" time="0.008"/>
  <testcase name="TestSNChan" classname="TestSNT" time="0.001"/>
  <testcase name="TestNhieugiatrigiongnhau{int}[1]" classname="TestSNT" time="0.002"/>
  <testcase name="TestNhieugiatrigiongnhau{int}[2]" classname="TestSNT" time="0.001"/>
  <testcase name="TestNhieugiatrigiongnhau{int}[3]" classname="TestSNT" time="0"/>
  <testcase name="TestNhieugiatrigiongnhau{int}[4]" classname="TestSNT" time="0.001"/>
  <testcase name="TestNhieugiatrigiongnhau{int}[5]" classname="TestSNT" time="0.001"/>
  <testcase name="TestNhieugiatrikhacnhau{int, boolean, String}[1]" classname="TestSNT" time="0.002"/>
  <testcase name="TestNhieugiatrikhacnhau{int, boolean, String}[2]" classname="TestSNT" time="0"/>
  <testcase name="TestNhieugiatrikhacnhau{int, boolean, String}[3]" classname="TestSNT" time="0"/>
  <testcase name="TestSNTLe" classname="TestSNT" time="0"/>
</testsuite>